cl : Command line warning D9002: ignoring unknown option '/hotpatch'
cl : Command line warning D9030: '/Gm' is incompatible with multiprocessing; ignoring /MP switch
  vec3.cpp
  streamer_client.cpp
  ir_grabber.cpp
C:\Program Files (x86)\Microsoft Visual Studio 14.0\VC\include\xmemory(349): warning C4996: 'std::_Uninitialized_copy0': Function call with parameters that may be unsafe - this call relies on the caller to check that the passed values are correct. To disable this warning, use -D_SCL_SECURE_NO_WARNINGS. See documentation on how to use Visual C++ 'Checked Iterators'
  C:\Program Files (x86)\Microsoft Visual Studio 14.0\VC\include\xmemory(336): note: see declaration of 'std::_Uninitialized_copy0'
  C:\MyTools\boost_1_60_0\boost/signals2/detail/auto_buffer.hpp(191): note: see reference to function template instantiation '_FwdIt std::uninitialized_copy<I,boost::variant<boost::shared_ptr<void>,boost::signals2::detail::foreign_void_shared_ptr,boost::detail::variant::void_,boost::detail::variant::void_,boost::detail::variant::void_,boost::detail::variant::void_,boost::detail::variant::void_,boost::detail::variant::void_,boost::detail::variant::void_,boost::detail::variant::void_,boost::detail::variant::void_,boost::detail::variant::void_,boost::detail::variant::void_,boost::detail::variant::void_,boost::detail::variant::void_,boost::detail::variant::void_,boost::detail::variant::void_,boost::detail::variant::void_,boost::detail::variant::void_,boost::detail::variant::void_>*>(_InIt,_InIt,_FwdIt)' being compiled
          with
          [
              _FwdIt=boost::variant<boost::shared_ptr<void>,boost::signals2::detail::foreign_void_shared_ptr,boost::detail::variant::void_,boost::detail::variant::void_,boost::detail::variant::void_,boost::detail::variant::void_,boost::detail::variant::void_,boost::detail::variant::void_,boost::detail::variant::void_,boost::detail::variant::void_,boost::detail::variant::void_,boost::detail::variant::void_,boost::detail::variant::void_,boost::detail::variant::void_,boost::detail::variant::void_,boost::detail::variant::void_,boost::detail::variant::void_,boost::detail::variant::void_,boost::detail::variant::void_,boost::detail::variant::void_> *,
              I=boost::variant<boost::shared_ptr<void>,boost::signals2::detail::foreign_void_shared_ptr,boost::detail::variant::void_,boost::detail::variant::void_,boost::detail::variant::void_,boost::detail::variant::void_,boost::detail::variant::void_,boost::detail::variant::void_,boost::detail::variant::void_,boost::detail::variant::void_,boost::detail::variant::void_,boost::detail::variant::void_,boost::detail::variant::void_,boost::detail::variant::void_,boost::detail::variant::void_,boost::detail::variant::void_,boost::detail::variant::void_,boost::detail::variant::void_,boost::detail::variant::void_,boost::detail::variant::void_> *,
              _InIt=boost::variant<boost::shared_ptr<void>,boost::signals2::detail::foreign_void_shared_ptr,boost::detail::variant::void_,boost::detail::variant::void_,boost::detail::variant::void_,boost::detail::variant::void_,boost::detail::variant::void_,boost::detail::variant::void_,boost::detail::variant::void_,boost::detail::variant::void_,boost::detail::variant::void_,boost::detail::variant::void_,boost::detail::variant::void_,boost::detail::variant::void_,boost::detail::variant::void_,boost::detail::variant::void_,boost::detail::variant::void_,boost::detail::variant::void_,boost::detail::variant::void_,boost::detail::variant::void_> *
          ]
  C:\MyTools\boost_1_60_0\boost/signals2/detail/auto_buffer.hpp(178): note: see reference to function template instantiation 'void boost::signals2::detail::auto_buffer<boost::signals2::detail::void_shared_ptr_variant,boost::signals2::detail::store_n_objects<10>,boost::signals2::detail::default_grow_policy,std::allocator<_Ty>>::copy_rai<I,false>(I,I,boost::variant<boost::shared_ptr<void>,boost::signals2::detail::foreign_void_shared_ptr,boost::detail::variant::void_,boost::detail::variant::void_,boost::detail::variant::void_,boost::detail::variant::void_,boost::detail::variant::void_,boost::detail::variant::void_,boost::detail::variant::void_,boost::detail::variant::void_,boost::detail::variant::void_,boost::detail::variant::void_,boost::detail::variant::void_,boost::detail::variant::void_,boost::detail::variant::void_,boost::detail::variant::void_,boost::detail::variant::void_,boost::detail::variant::void_,boost::detail::variant::void_,boost::detail::variant::void_> *,const boost::integral_constant<bool,false> &)' being compiled
          with
          [
              _Ty=boost::signals2::detail::void_shared_ptr_variant,
              I=boost::variant<boost::shared_ptr<void>,boost::signals2::detail::foreign_void_shared_ptr,boost::detail::variant::void_,boost::detail::variant::void_,boost::detail::variant::void_,boost::detail::variant::void_,boost::detail::variant::void_,boost::detail::variant::void_,boost::detail::variant::void_,boost::detail::variant::void_,boost::detail::variant::void_,boost::detail::variant::void_,boost::detail::variant::void_,boost::detail::variant::void_,boost::detail::variant::void_,boost::detail::variant::void_,boost::detail::variant::void_,boost::detail::variant::void_,boost::detail::variant::void_,boost::detail::variant::void_> *
          ]
  C:\MyTools\boost_1_60_0\boost/signals2/detail/auto_buffer.hpp(178): note: see reference to function template instantiation 'void boost::signals2::detail::auto_buffer<boost::signals2::detail::void_shared_ptr_variant,boost::signals2::detail::store_n_objects<10>,boost::signals2::detail::default_grow_policy,std::allocator<_Ty>>::copy_rai<I,false>(I,I,boost::variant<boost::shared_ptr<void>,boost::signals2::detail::foreign_void_shared_ptr,boost::detail::variant::void_,boost::detail::variant::void_,boost::detail::variant::void_,boost::detail::variant::void_,boost::detail::variant::void_,boost::detail::variant::void_,boost::detail::variant::void_,boost::detail::variant::void_,boost::detail::variant::void_,boost::detail::variant::void_,boost::detail::variant::void_,boost::detail::variant::void_,boost::detail::variant::void_,boost::detail::variant::void_,boost::detail::variant::void_,boost::detail::variant::void_,boost::detail::variant::void_,boost::detail::variant::void_> *,const boost::integral_constant<bool,false> &)' being compiled
          with
          [
              _Ty=boost::signals2::detail::void_shared_ptr_variant,
              I=boost::variant<boost::shared_ptr<void>,boost::signals2::detail::foreign_void_shared_ptr,boost::detail::variant::void_,boost::detail::variant::void_,boost::detail::variant::void_,boost::detail::variant::void_,boost::detail::variant::void_,boost::detail::variant::void_,boost::detail::variant::void_,boost::detail::variant::void_,boost::detail::variant::void_,boost::detail::variant::void_,boost::detail::variant::void_,boost::detail::variant::void_,boost::detail::variant::void_,boost::detail::variant::void_,boost::detail::variant::void_,boost::detail::variant::void_,boost::detail::variant::void_,boost::detail::variant::void_> *
          ]
  C:\MyTools\boost_1_60_0\boost/signals2/detail/auto_buffer.hpp(204): note: see reference to function template instantiation 'void boost::signals2::detail::auto_buffer<boost::signals2::detail::void_shared_ptr_variant,boost::signals2::detail::store_n_objects<10>,boost::signals2::detail::default_grow_policy,std::allocator<_Ty>>::copy_impl<I>(I,I,boost::variant<boost::shared_ptr<void>,boost::signals2::detail::foreign_void_shared_ptr,boost::detail::variant::void_,boost::detail::variant::void_,boost::detail::variant::void_,boost::detail::variant::void_,boost::detail::variant::void_,boost::detail::variant::void_,boost::detail::variant::void_,boost::detail::variant::void_,boost::detail::variant::void_,boost::detail::variant::void_,boost::detail::variant::void_,boost::detail::variant::void_,boost::detail::variant::void_,boost::detail::variant::void_,boost::detail::variant::void_,boost::detail::variant::void_,boost::detail::variant::void_,boost::detail::variant::void_> *,std::random_access_iterator_tag)' being compiled
          with
          [
              _Ty=boost::signals2::detail::void_shared_ptr_variant,
              I=boost::variant<boost::shared_ptr<void>,boost::signals2::detail::foreign_void_shared_ptr,boost::detail::variant::void_,boost::detail::variant::void_,boost::detail::variant::void_,boost::detail::variant::void_,boost::detail::variant::void_,boost::detail::variant::void_,boost::detail::variant::void_,boost::detail::variant::void_,boost::detail::variant::void_,boost::detail::variant::void_,boost::detail::variant::void_,boost::detail::variant::void_,boost::detail::variant::void_,boost::detail::variant::void_,boost::detail::variant::void_,boost::detail::variant::void_,boost::detail::variant::void_,boost::detail::variant::void_> *
          ]
  C:\MyTools\boost_1_60_0\boost/signals2/detail/auto_buffer.hpp(203): note: see reference to function template instantiation 'void boost::signals2::detail::auto_buffer<boost::signals2::detail::void_shared_ptr_variant,boost::signals2::detail::store_n_objects<10>,boost::signals2::detail::default_grow_policy,std::allocator<_Ty>>::copy_impl<I>(I,I,boost::variant<boost::shared_ptr<void>,boost::signals2::detail::foreign_void_shared_ptr,boost::detail::variant::void_,boost::detail::variant::void_,boost::detail::variant::void_,boost::detail::variant::void_,boost::detail::variant::void_,boost::detail::variant::void_,boost::detail::variant::void_,boost::detail::variant::void_,boost::detail::variant::void_,boost::detail::variant::void_,boost::detail::variant::void_,boost::detail::variant::void_,boost::detail::variant::void_,boost::detail::variant::void_,boost::detail::variant::void_,boost::detail::variant::void_,boost::detail::variant::void_,boost::detail::variant::void_> *,std::random_access_iterator_tag)' being compiled
          with
          [
              _Ty=boost::signals2::detail::void_shared_ptr_variant,
              I=boost::variant<boost::shared_ptr<void>,boost::signals2::detail::foreign_void_shared_ptr,boost::detail::variant::void_,boost::detail::variant::void_,boost::detail::variant::void_,boost::detail::variant::void_,boost::detail::variant::void_,boost::detail::variant::void_,boost::detail::variant::void_,boost::detail::variant::void_,boost::detail::variant::void_,boost::detail::variant::void_,boost::detail::variant::void_,boost::detail::variant::void_,boost::detail::variant::void_,boost::detail::variant::void_,boost::detail::variant::void_,boost::detail::variant::void_,boost::detail::variant::void_,boost::detail::variant::void_> *
          ]
  C:\MyTools\boost_1_60_0\boost/signals2/detail/auto_buffer.hpp(288): note: see reference to function template instantiation 'void boost::signals2::detail::auto_buffer<boost::signals2::detail::void_shared_ptr_variant,boost::signals2::detail::store_n_objects<10>,boost::signals2::detail::default_grow_policy,std::allocator<_Ty>>::copy_impl<boost::variant<boost::shared_ptr<void>,boost::signals2::detail::foreign_void_shared_ptr,boost::detail::variant::void_,boost::detail::variant::void_,boost::detail::variant::void_,boost::detail::variant::void_,boost::detail::variant::void_,boost::detail::variant::void_,boost::detail::variant::void_,boost::detail::variant::void_,boost::detail::variant::void_,boost::detail::variant::void_,boost::detail::variant::void_,boost::detail::variant::void_,boost::detail::variant::void_,boost::detail::variant::void_,boost::detail::variant::void_,boost::detail::variant::void_,boost::detail::variant::void_,boost::detail::variant::void_>*>(I,I,boost::variant<boost::shared_ptr<void>,boost::signals2::detail::foreign_void_shared_ptr,boost::detail::variant::void_,boost::detail::variant::void_,boost::detail::variant::void_,boost::detail::variant::void_,boost::detail::variant::void_,boost::detail::variant::void_,boost::detail::variant::void_,boost::detail::variant::void_,boost::detail::variant::void_,boost::detail::variant::void_,boost::detail::variant::void_,boost::detail::variant::void_,boost::detail::variant::void_,boost::detail::variant::void_,boost::detail::variant::void_,boost::detail::variant::void_,boost::detail::variant::void_,boost::detail::variant::void_> *)' being compiled
          with
          [
              _Ty=boost::signals2::detail::void_shared_ptr_variant,
              I=boost::variant<boost::shared_ptr<void>,boost::signals2::detail::foreign_void_shared_ptr,boost::detail::variant::void_,boost::detail::variant::void_,boost::detail::variant::void_,boost::detail::variant::void_,boost::detail::variant::void_,boost::detail::variant::void_,boost::detail::variant::void_,boost::detail::variant::void_,boost::detail::variant::void_,boost::detail::variant::void_,boost::detail::variant::void_,boost::detail::variant::void_,boost::detail::variant::void_,boost::detail::variant::void_,boost::detail::variant::void_,boost::detail::variant::void_,boost::detail::variant::void_,boost::detail::variant::void_> *
          ]
  C:\MyTools\boost_1_60_0\boost/signals2/detail/auto_buffer.hpp(288): note: see reference to function template instantiation 'void boost::signals2::detail::auto_buffer<boost::signals2::detail::void_shared_ptr_variant,boost::signals2::detail::store_n_objects<10>,boost::signals2::detail::default_grow_policy,std::allocator<_Ty>>::copy_impl<boost::variant<boost::shared_ptr<void>,boost::signals2::detail::foreign_void_shared_ptr,boost::detail::variant::void_,boost::detail::variant::void_,boost::detail::variant::void_,boost::detail::variant::void_,boost::detail::variant::void_,boost::detail::variant::void_,boost::detail::variant::void_,boost::detail::variant::void_,boost::detail::variant::void_,boost::detail::variant::void_,boost::detail::variant::void_,boost::detail::variant::void_,boost::detail::variant::void_,boost::detail::variant::void_,boost::detail::variant::void_,boost::detail::variant::void_,boost::detail::variant::void_,boost::detail::variant::void_>*>(I,I,boost::variant<boost::shared_ptr<void>,boost::signals2::detail::foreign_void_shared_ptr,boost::detail::variant::void_,boost::detail::variant::void_,boost::detail::variant::void_,boost::detail::variant::void_,boost::detail::variant::void_,boost::detail::variant::void_,boost::detail::variant::void_,boost::detail::variant::void_,boost::detail::variant::void_,boost::detail::variant::void_,boost::detail::variant::void_,boost::detail::variant::void_,boost::detail::variant::void_,boost::detail::variant::void_,boost::detail::variant::void_,boost::detail::variant::void_,boost::detail::variant::void_,boost::detail::variant::void_> *)' being compiled
          with
          [
              _Ty=boost::signals2::detail::void_shared_ptr_variant,
              I=boost::variant<boost::shared_ptr<void>,boost::signals2::detail::foreign_void_shared_ptr,boost::detail::variant::void_,boost::detail::variant::void_,boost::detail::variant::void_,boost::detail::variant::void_,boost::detail::variant::void_,boost::detail::variant::void_,boost::detail::variant::void_,boost::detail::variant::void_,boost::detail::variant::void_,boost::detail::variant::void_,boost::detail::variant::void_,boost::detail::variant::void_,boost::detail::variant::void_,boost::detail::variant::void_,boost::detail::variant::void_,boost::detail::variant::void_,boost::detail::variant::void_,boost::detail::variant::void_> *
          ]
  C:\MyTools\boost_1_60_0\boost/signals2/detail/auto_buffer.hpp(281): note: while compiling class template member function 'boost::variant<boost::shared_ptr<void>,boost::signals2::detail::foreign_void_shared_ptr,boost::detail::variant::void_,boost::detail::variant::void_,boost::detail::variant::void_,boost::detail::variant::void_,boost::detail::variant::void_,boost::detail::variant::void_,boost::detail::variant::void_,boost::detail::variant::void_,boost::detail::variant::void_,boost::detail::variant::void_,boost::detail::variant::void_,boost::detail::variant::void_,boost::detail::variant::void_,boost::detail::variant::void_,boost::detail::variant::void_,boost::detail::variant::void_,boost::detail::variant::void_,boost::detail::variant::void_> *boost::signals2::detail::auto_buffer<boost::signals2::detail::void_shared_ptr_variant,boost::signals2::detail::store_n_objects<10>,boost::signals2::detail::default_grow_policy,std::allocator<_Ty>>::move_to_new_buffer(unsigned __int64,const boost::false_type &)'
          with
          [
              _Ty=boost::signals2::detail::void_shared_ptr_variant
          ]
  C:\MyTools\boost_1_60_0\boost/signals2/detail/auto_buffer.hpp(302): note: see reference to function template instantiation 'boost::variant<boost::shared_ptr<void>,boost::signals2::detail::foreign_void_shared_ptr,boost::detail::variant::void_,boost::detail::variant::void_,boost::detail::variant::void_,boost::detail::variant::void_,boost::detail::variant::void_,boost::detail::variant::void_,boost::detail::variant::void_,boost::detail::variant::void_,boost::detail::variant::void_,boost::detail::variant::void_,boost::detail::variant::void_,boost::detail::variant::void_,boost::detail::variant::void_,boost::detail::variant::void_,boost::detail::variant::void_,boost::detail::variant::void_,boost::detail::variant::void_,boost::detail::variant::void_> *boost::signals2::detail::auto_buffer<boost::signals2::detail::void_shared_ptr_variant,boost::signals2::detail::store_n_objects<10>,boost::signals2::detail::default_grow_policy,std::allocator<_Ty>>::move_to_new_buffer(unsigned __int64,const boost::false_type &)' being compiled
          with
          [
              _Ty=boost::signals2::detail::void_shared_ptr_variant
          ]
  C:\MyTools\boost_1_60_0\boost/signals2/detail/slot_call_iterator.hpp(64): note: see reference to class template instantiation 'boost::signals2::detail::auto_buffer<boost::signals2::detail::void_shared_ptr_variant,boost::signals2::detail::store_n_objects<10>,boost::signals2::detail::default_grow_policy,std::allocator<_Ty>>' being compiled
          with
          [
              _Ty=boost::signals2::detail::void_shared_ptr_variant
          ]
  C:\MyTools\boost_1_60_0\boost/signals2/detail/slot_call_iterator.hpp(69): note: see reference to class template instantiation 'boost::signals2::detail::slot_call_iterator_cache<ResultType,Function>' being compiled
  ImageRenderer.cpp
  Skipping... (no relevant changes detected)
  Grabber.cpp
  DatasetCollector.cpp
  Clustering.cpp
  Generating code
  12 of 1227 functions ( 1.0%) were compiled, the rest were copied from previous compilation.
    0 functions were new in current compilation
    6 functions had inline decision re-evaluated but remain unchanged
  Finished generating code
  DatasetCollector.vcxproj -> C:\Users\Claudiu\Dropbox\ColorBasics-D2D\gwu_computervision-datasetrecorder-914914f03d0b\x64\Release\DatasetCollector.exe
